may
'fore
'gainst
'greeing
'scap'd
'tis
'will
a
a-doting
abhor
abide
able
about
above
absence
absent
abundance
abundant
abus'd
abuse
abuses
abysm
accents
acceptable
acceptance
accessary
accident
accidents
account
accumulate
accuse
accusing
achieve
acknowledge
acquaintance
acquainted
act
action
active
actor
add
added
adder's
addeth
adding
addition
adieu
adjunct
admire
admired
admiring
admit
admitted
adonis
adore
adulterate
advance
advantage
adverse
advis'd
advocate
afar
affable
affairs
affections
afford
affords
afloat
afresh
after
after-loss
afterwards
again
against
age
age's
ages
aggravate
ah
aid
air
alack
alas
alchemy
alien
alike
alive
all
all-eating
all-oblivious
all-the-world
allay'd
allege
allow
almost
aloft
alone
already
alter
alter'd
alteration
altering
alters
although
always
am
amazeth
ambush
amen
amends
amiss
among
an
anchor'd
and
anew
angel
anger
angry
annex'd
annoy
anon
another
another's
answer
answered
answers
anticipate
antique
antiquity
any
anything
apparel
appeal
appear
appearance
appears
appetite
apple
applying
approve
april
april's
are
argument
aright
arise
arising
array
arrest
art
art's
arts
as
ashes
aside
askance
asked
asleep
aspect
assail'd
assemble
assistance
assur'd
assure
assured
astonished
astronomy
at
attaint
attainted
attend
attending
audit
aught
augurs
authority
authorizing
autumn
awake
awakes
awards
away
ay
aye
babe
back
backward
bad
badges
badness
bail
bait
balmy
bankrupt
banks
banquet
bar
bare
bareness
bark
barren
barrenly
bars
base
bases
basest
bastard
bath
battering
bay
be
beams
bear
bear'st
beard
bearer
bearing
bears
beast
beated
beauteous
beauties
beautiful
beauty
beauty's
because
beck
become
becomes
becoming
bed
bed-vow
beds'
been
befits
before
befriends
beggar
beggar'd
begin
begins
beguil'd
beguile
behaviour
behind
behold
being
belied
believe
believed
bell
belong
belongs
belov'd
beloved
bending
bends
benefit
bent
bequest
bereft
beseechers
beseem
beshrew
beside
besides
besiege
besmear'd
best
bestow
bestow'st
betray
betraying
bett'ring
better
better'd
betwixt
bevel
bewailed
beweep
beyond
bid
bide
bids
bier
big
bind
bird
birds
birth
bitter
bitterness
black
blam'd
blame
blanks
blazon
blenches
bless'd
blessed
blessed-fair
blesses
blessing
blessings
blest
blind
blindness
bliss
blood
bloody
blooms
blot
blots
blow
blunt
blunter
blunting
blush
blushing
boast
boat
body
body's
bold
boldness
bond
bonds
bones
book
boot
bootless
bore
born
borne
borrow'd
borrowed
bosom
bosom's
bosoms
both
bough
boughs
bound
boundless
bounteous
bounty
bow
bower
boy
brag
brain
brains
brand
brass
brave
bravery
breach
break
breast
breasts
breath
breathe
breathed
breathers
breathes
bred
breed
breeds
brief
bright
brightness
bring
brings
bristly
broad
broils
broke
broken
brood
brought
brow
bud
budding
buds
builded
building
built
burden
buried
buriest
burn
burn'd
burning
burthen
burthens
busy
but
buy
by
call
call'd
calls
came
can
cancell'd
candles
canker
cannot
canopy
canst
captain
captive
car
carcanet
care
careful
carry
carv'd
carve
case
cast
catch
cause
cease
celestial
censures
centre
ceremony
certain
chance
change
changes
changing
character
character'd
charg'd
charge
charter
chary
chase
chaste
cheap
cheater
check
checked
cheek
cheeks
cheer
cheered
cherish
cherubins
chest
chide
chiding
chief
child
children
children's
chips
choirs
choose
chopp'd
chose
chronicle
churl
civil
clay
clean
clear
clearer
clears
clerk
climb'd
cloak
clock
closet
closure
cloud
clouds
cold
colour
colour'd
come
comes
comfort
coming
commanded
commence
commend
comment
comments
commit
commits
committed
common
compar'd
compare
compass
compeers
compil'd
compile
complain
complexion
composed
composition
compound
compounded
compounds
conceal'd
conceit
concord
condemned
confess
confess'd
confin'd
confine
confound
confounded
confounding
confounds
conquer'd
conquest
conscience
consecrate
consent
consider
conspire
constancy
constant
consum'd
consum'st
contain
contains
contend
content
contented
contents
continual
contracted
contrary
control
controlling
convert
converted
convertest
cool
cools
copy
coral
correct
correction
correspondence
corrupt
corrupting
cost
costly
costs
could
couldst
count
counted
countenance
counterfeit
counterpart
counting
couplement
course
courses
cover
covetous
coward
crave
crawls
created
creating
creation
creature
creatures
credit
creep
crests
cries
crime
critic
crooked
cross
cross'd
crow
crown
crown'd
crowned
crowning
cruel
crush'd
cry
crying
crystal
cunning
cup
cupid
cur'd
cure
cures
curious
curls
curse
cut
daily
damask'd
dancing
dare
dark
darkening
darkly
darkness
darling
dart
date
dateless
dates
day
day's
days
dead
deaf
dear
dear-purchas'd
dearer
dearest
dearly
dearth
dearths
death
death's
death-bed
deaths
debarre'd
debate
debateth
debt
debtor
decay
decay'd
decays
decease
deceased
deceiv'd
deceive
deceived
deceivest
december's
declines
decrease
decree
decrees
decrepit
dedicated
deeds
deem
deem'd
deep
deepest
defac'd
deface
defeat
defeated
defect
defects
defence
defendant
define
deformed'st
defy
delayed
delight
delighted
delights
deliver'd
delivers
delves
denied
denote
deny
depart
departest
depend
depends
derive
describe
descriptions
desert
deserts
deserv'd
deserv'st
deserve
deserves
deserving
desire
desired
desiring
despair
desperate
despis'd
despise
despised
despising
despite
destroys
detain
determinate
determination
determined
devil
devis'd
devise
devour
devouring
dial
dial's
dial-hand
dian's
did
didst
die
died
dies
diest
difference
different
dig
dignified
dignifies
dignity
dimm'd
directed
directly
disabled
disarm'd
discloses
discontent
discourse
disdain
disdaineth
disdains
diseas'd
disease
disgrac'd
disgrace
dispatch
dispense
disperse
dispos'd
dispraise
dissuade
distance
distemper'd
distill'd
distillation
distills
distraction
divert
divide
divided
divine
divining
do
doing
done
doom
dost
dote
doth
doting
double
double-vantage
doubt
doubting
dove
down
down-raz'd
drain'd
draw
drawn
dreading
dream
dreaming
dreams
dregs
dress
dress'd
dressing
dressings
drink
drinks
drooping
drop
drops
dross
drown
drowns
drudge
drugs
drunk
dry
due
dull
dulling
dully
dulness
dumb
dun
durst
dust
duteous
duty
dwell
dwellers
dwells
dy'd
dye
dyer's
dying
each
eager
ear
early
ears
earth
earthly
eas'd
ease
east
easy
eat
eclipse
eclipses
edge
effect
effectually
eisel
either
either's
elder
elements
eloquence
else
elsewhere
embassage
embassy
enclose
end
endeared
ending
endless
endow'd
endur'd
endure
enemies
enfeebled
enforced
engraft
engrafted
engross'd
enjoy
enjoy'd
enjoyer
enjoys
enlarg'd
enlighten
enmity
enough
enrich
ensconce
entertain
entitled
entombed
envy
epitaph
equal
equipage
ere
err
err'd
error
errors
erst
essays
esteem
esteem'd
esteeming
estimate
eternal
eternity
eve's
even
ever
ever-fixed
evermore
every
everywhere
evident
evil
example
exceed
exceeded
exceeds
excel
excellence
excellent
except
excess
exchang'd
exchequer
excuse
excusing
executor
expense
expiate
expire
expired
express
express'd
expressing
extant
extern
external
extreme
extremity
ey'd
eye
eye's
eyelids
eyes
eyes'
face
faces
faculty
fade
fadeth
fading
faint
fair
fairer
fairest
fairing
fairly
faith
fall
falls
false
false-speaking
falsehood
falsely
fame
familiar
famine
famish'd
famoused
far
farewell
faring
farther
farthest
fashion
fast
faster
fate
father
fault
faults
favour
favourites
fawn
fear
fearful
fearfully
fearing
fears
feast
feasting
feasts
feather'd
feathers
featur'd
feature
featureless
fed
fee
feeble
feed
feed'st
feeding
feeds
feel
feel'st
feeling
fell
felt
female
fester
fever
few
fickle
field
fiend
fierce
fiery
fight
figur'd
figure
figures
fil'd
filching
fill
fill'd
find
finding
finds
fine
finger
fingers
fire
firm
first
first-born
fits
fitted
five
fix'd
flame
flatter
flatter'd
flatterer
flattery
fled
fleece
fleeting
fleets
flesh
flies
flourish
flow
flower
flowers
flown
fly
foe
foes
foil'd
foison
foist
follow
followed
follows
folly
fond
food
fool
foolish
fools
foot
for
for't
forbear
forbid
forbidden
force
forced
fore-bemoaned
foregone
forests
forfeit
forged
forget
forget'st
forgetful
forgetfulness
forgive
forgoing
forgot
forgotten
forlorn
form
former
forsake
forsaken
forsworn
forth
fortify
fortune
fortune's
forty
forward
forwards
foul
found
fountains
four
fragrant
frailer
frailties
frame
frank
frantic-mad
free
freedom
freezings
frequent
fresh
fresher
friend
friend's
friends
from
front
frost
frown
frown'st
frowns
fruit
fuel
fulfil
full
fulness
function
furrows
fury
gain
gainer
gains
gait
gardens
garments
garments'
gate
gates
gather'd
gaudy
gav'st
gave
gay
gaze
gazed
gazers
gazeth
gazing
gems
general
gentle
gentlest
gently
get
ghastly
ghost
gift
gifts
gild'st
gilded
gilding
girded
give
given
gives
giving
glad
gladly
glance
glass
glazed
glorious
glory
glowing
glutton
gluttoning
go
god
goddess
goes
goest
going
gold
golden
gone
good
goodly
goodness
gor'd
got
governs
grace
graced
graces
gracious
graciously
grant
granting
grave
graven
graves
gravity
great
greater
greatest
grecian
green
greet
grew
grey
grief
grief's
griefs
griev'd
grievances
grieve
grind
groan
groans
gross
grossly
ground
grounded
grow
grow'st
growing
grown
grows
growth
guard
guess
guest
guides
guilt
guilty
gulls
gust
gusts
habit
habitation
had
hadst
hair
hairs
half
hallow'd
halt
hammer'd
hand
hands
hang
hanging
hap
haply
happier
happies
happy
hard
harder
hardest
harmful
harsh
harvest
hast
haste
hasten
hate
hate's
hated
hateth
hath
hatred
have
having
hawks
he
he's
head
heals
health
healthful
hear
hear'st
heard
hearing
hearsay
heart
heart's
heart-inflaming
hearts
heat
heats
heaven
heaven's
heavenly
heavily
heavy
heed
height
heinous
heir
held
helen's
hell
help
hems
hence
her
herald
herd
here
here's
herein
heretic
hers
herself
hid
hidden
hide
hideous
hides
hiding
hied
high
highmost
hill
him
himself
hindmost
his
history
hits
hoisted
hold
holds
holy
homage
home
honest
honey
honour
honouring
hooks
hope
hopes
horse
horses
hot
hounds
hour
hours
house
housewife
how
hue
huge
hugely
humble
humour
hundred
hung
hungry
hunted
hurt
husband
husband's
husbandry
hush
hymn
hymns
i
i'll
idle
idly
idol
idolatry
if
ignorance
ill
ill-us'd
ill-wresting
ills
image
images
imaginary
imitate
imitated
immortal
immured
impair
impannelled
impart
impeach'd
impediments
imperfect
impiety
import
importune
impregnable
impression
imprint
imprison'd
impute
in
incapable
incertainties
incertainty
inconstant
increase
increasing
indeed
indigest
indirectly
infant's
infection
inferior
influence
informer
inhabit
inhearse
inherit
inheritors
iniquity
injuries
injurious
injury
ink
instant
instinct
insufficiency
insults
intelligence
intend
intents
interchange
interest
interim
intermix'd'
into
invent
invention
invited
inviting
invocate
invoked
inward
is
is't
issue
issueless
it
itself
jacks
jade
jail
jaws
jealous
jealousy
jewel
jewels
join
jollity
journey
joy
judgement
judgment
judgment's
jump
junes
just
justify
keen
keep
keep'st
keeps
kept
key
kill
kills
kind
kind-hearted
kindness
kinds
king
kingdom
kingdoms
kingly
kings
kiss
kissing
knew
knife
knights
knit
know
know'st
knowing
knowledge
known
knows
labouring
lace
lack
lacked
lacking
ladies
laid
lamb
lambs
lame
lameness
land
languish'd
lap
large
largess
lark
lascivious
last
lasting
latch
late
laugh'd
lawful
laws
lay
lays
lead
leads
league
lean
leap
leap'd
learn
learn'd
learned's
learning
lease
leases
least
leave
leaves
leaving
leese
left
legacy
legions
leisure
lend
lends
length
lengths
less
lesser
lesson
lest
let
lets
level
liberty
lie
lies
life
life's
lifts
light
light's
like
likeness
liker
lilies
lily
lily's
limbecks
limbs
limit
limits
limping
line
lines
linger
lion's
lip
lips
liquid
list
little
liv'd
live
lived
lively
livery
lives
living
lo
loan
loathsome
lock'd
lodg'd
lofty
long
long-liv'd
longer
longing
look
look'd
looked
looking
looks
lord
lords
lords'
lose
losing
loss
losses
lost
loud
lour'st
lov'd
lov'st
love
love's
love-god
love-kindling
love-suit
loved
loveliness
lovely
lover
lover's
lovers
lovers'
loves
loving
low
luck
lust
lusty
lying
mad
madding
made
madmen's
madness
maid
maiden
main
maintain
majesty
mak'st
make
makeless
makes
maketh
making
maladies
man
man's
manner
manners
mansion
many
many's
map
mar
marble
march
marigold
marjoram
mark
marriage
married
mars
marvel
mask'd
masked
masonry
master
matcheth
matter
maturity
mayst
me
meadows
means
meant
measure
measured
medicine
meditation
meet
meetness
melancholy
memorial
memory
men
men's
mend
mended
merchandiz'd
mercy
merit
merits
messengers
methinks
methods
metre
middle
might
mightier
mightst
miles
million'd
millions
mind
mind's
minded
minds
mine
minion
minutes
miracle
miscall'd
miser
misplac'd
misprision
miss'd
mistake
mistaking
mistress
mistress'
misuse
mix'd
moan
mock
modern
moiety
moment
monarch's
monsters
monument
monuments
moods
moon
more
morn
morning
morrow
mortal
mortality
mortgag'd
most
mother
mother's
motion
motley
mountain
mounted
mourn
mourners
mournful
mourning
mouthed
mouths
move
moving
mow
much
mud
murd'rous
murderous
muse
muses
music
must
mute
mutual
my
myself
naked
name
naming
nativity
nature
nature's
nay
ne'er
ne'er-cloying
near
nearly
necessary
neck
need
need'st
needing
needs
needy
neglect
neglected
neither
nerves
never
never-resting
new
new-appearing
new-fangled
new-fired
new-found
newer
news
next
night
nightly
nights
nimble
nine
no
nobler
none
noon
nor
not
note
noted
nothing
nought
nourish'd
novel
now
number
numbers
nurse
nursed
nurseth
nymphs
o
o'er
o'er-green
o'er-read
o'er-snowed
o'ercharg'd
o'erlook
o'erpress'd
o'ersways
o'ertake
o'erworn
oaths
oaths'
object
objects
oblation
oblivion
obsequious
ocean
odour
odours
of
off
offence
offence's
offences
offend
offender's
offenders
office
offices
oft
often
old
older
olives
on
once
one
only
onset
onward
onwards
open
oppress'd
oppression
or
ordering
orient
ornament
ornaments
orphans
other
others
others'
our
out
outbraves
outcast
outgoing
outlive
outright
outstripp'd
outward
outworn
over
over-goes
over-partial
over-plus
overthrow
overturn
ow'st
owe
owes
own
owner's
owners
pace
page
paid
pain
painful
painted
painter
painter's
painting
palate
pale
paper
papers
parallels
pardon
part
partake
particulars
partly
parts
party
pass
pass'd
passed
passion
past
patent
patience
patient
pattern
paws
pay
paying
pays
peace
pearl
pebbled
peep
pen
penance
pencil
pent
penury
perceiv'd
perceiv'st
perceive
perfect
perfect'st
perfection
perforce
perfumed
perfumes
perhaps
perish
perjur'd
permit
perpetual
perspective
persuade
perusal
petty
philomel
phoenix
phrase
physic
physician
physicians
pictur'd
picture
picture's
pierc'd
pilgrimage
pine
pipe
pitch
pitied
pitiful
pity
pity-wanting
pitying
place
placed
plague
plagues
plain
plants
play
play'd
play'st
plea
plead
pleasant
please
pleased
pleasing
pleasure
pleasures
plight
plods
plot
pluck
poesy
poet
poet's
poets
point
pointing
points
poison
poison'd
policy
polish'd
politic
pomp
poor
poorly
possess'd
possesseth
possessing
possession
posterity
posting
potions
pour'st
poverty
power
powerful
powers
prais'd
praise
praised
praises
praising
pray
prayers
precious
predict
prefiguring
prepare
preposterously
presage
presagers
prescriptions
presence
present
present'st
present-absent
presenteth
presents
preserve
press
presume
pretty
prevail'd
prevent
prevent'st
prey
prick'd
pride
prime
princes
princes'
print
prison
prisoner
private
privilege
prize
prizing
proceed
proceeds
process
proclaims
profan'd
profane
profit
profitless
profound
prognosticate
progress
promise
prone
proof
prophecies
prophetic
propos'd
proud
proud-pied
prouder
proudest
proudly
prov'd
prove
proves
provide
proving
provoke
pry
public
publish
pupil
pure
purest
purge
purging
purity
purple
purpos'd
purpose
pursuing
pursuit
put
puts
putt'st
pyramids
qualify
quality
queen
quenched
quest
question
quick
quicker
quickly
quiet
quietus
quill
quite
race
rack
rage
ragged
raiment
rain
rainy
rais'd
random
rang'd
rank
ranks
ransom
ransoms
rare
rarities
rather
raven
raz'd
razed
re-survey
read
reap
rearward
reason
reasons
rebel
rebuk'd
receipt
receiv'st
receive
receives
receivest
receiving
recite
reckon
reckon'd
reckoning
recompense
record
records
recounting
recur'd
red
redeem
reeks
reeleth
refigur'd
refuse
refusest
region
register
registers
rehearse
reign
reign'd
reigns
releasing
relief
religious
remain
remains
remedy
remember
remember'd
remembered
remembrance
remote
remov'd
remove
removed
remover
render
renew
renew'd
renewest
rent
rents
repair
repay
repent
replete
report
repose
reproach
reproving
require
resemble
resembling
reserve
resort
respect
respects
respose
rest
restful
restor'd
restore
resty
retention
return
return'd
revenge
revenues
review
reviewest
revolt
revolution
rhetoric
rhyme
rhymers
rich
rich-proud
richer
riches
richly
rid
ride
rider
right
rightly
rights
rigour
rime
riot
ripe
riper
rise
rising
rite
robb'd
robbery
robbing
robe
robs
rocks
rolling
rondure
roof
room
root
rose
roses
rosy
rotten
rough
rud'st
rude
rudely
ruin
ruin'd
ruinate
ruining
run
runn'st
runs
ruth
sable
sacred
sad
sadly
said
sail
saint
saith
sake
salutation
salve
salving
same
sang
sap
satire
saturn
sauces
saucy
sav'd
savage
save
savour
saw
say
saying
says
scandal
scanted
scarcely
scarlet
scope
score
scorn
scorn'd
scythe
sea
sea's
seal
seal'd
seals
seasons
seasons'
seat
second
seconds
secret
see
see'st
seeing
seek
seeking
seem
seem'd
seeming
seemly
seems
seen
sees
seeting
seldom
self
self-doing
self-example
self-kill'd
self-love
self-loving
self-same
self-substantial
self-will'd
sell
selling
semblance
send
send'st
sense
senses
sensual
separable
separation
sepulchres
sequent
servant
servant's
service
services
serving
sessions
set
sets
settled
several
shade
shadow
shadow's
shadows
shady
shake
shaken
shall
shallowest
shalt
shame
shamed
shamefully
shames
shape
shapes
share
sharp
sharp'st
sharpened
she
sheaves
sheds
shifting
shifts
shine
shines
shook
shoot
shop
shore
shorn
short
short-number'd
should
shouldst
show
show'st
showers
showing
shown
shows
shun
sick
sicken
sickle's
sickly
sickness
side
sides
siege
sigh
sighs
sight
sightless
signs
silence
silent
silver
silvered
simple
simplicity
simply
sin
since
sinful
sing
single
singleness
sings
sinks
sins
sire
siren
sit
sits
situation
skill
sky
slain
sland'ring
slander
slander'd
slander's
slanderers
slave
slavery
slay
sleep
sleeping
slept
slide
slight
slow
slumbers
sluttish
small
smell
smells
smiling
smoke
smother
snow
so
sober
society
soft
soil
sold
sole
solemn
some
something
sometime
sometimes
son
song
songs
soon
sooner
sorrow
sorrows
sorry
sort
sought
soul
soul's
souls
sound
soundless
sounds
sour
sourest
sourly
sovereign
space
spacious
sparkling
speak
speaking
special
special-blest
speechless
speed
spend
spend'st
spending
spends
spent
spheres
spies
spirit
spirits
spite
spites
splendour
spoil
spoils
sport
sportive
spot
spread
spring
springs
spur
spurring
stage
stain
stain'd
staineth
stamp
stamp'd
stand
stands
star
stars
starved
state
statues
statute
stay
stays
steal
stealing
steals
stealth
steel
steel'd
steep
steep-up
steepy
stell'd
stern
stewards
stick'st
still
stirr'd
stol'n
stole
stone
stones
stop
stopped
stops
store
store's
stores
storm-beaten
stormy
story
stout
straight
strained
strains
strange
strangely
strangle
straying
streams
strength
strength's
strengthen'd
stretched
strife
strikes
string
strive
striving
strong
stronger
strongly
struck
strumpeted
style
subdu'd
subject
subjects
suborned
subscribes
subsist
substance
subtleties
succeeding
succession
successive
such
sue
suffer
suffer'd
sufferance
suffering
suffers
suffic'd
suggest
suit
suited
sullen
sullied
sum
summer
summer's
summers'
summon
sums
sun
sun's
sunk
sunken
suns
sunset
suppose
supposed
supposing
suppressed
sure
surety-like
surfeit
surly
surmise
surmount
survey
survive
suspect
swallow'd
swart-complexion'd
sway
sway'st
swear
swearing
swears
sweet
sweet'st
sweet-season'd
sweetest
sweetly
sweetness
sweets
swerving
swift
swift-footed
sword
sworn
sympathiz'd
table
tables
take
taken
taker
takes
tall
tallies
tame
tan
tanned
task
taste
tatter'd
taught
teach
teachest
tear
tears
teeming
teeth
tell
telling
tells
temperate
tempests
temptation
tempteth
tempting
ten
tenants
tend
tender
tender'd
tenth
tenure
term
term'd
terms
testy
th'
than
thank
thanks
that
that's
the
thee
theft
their
theirs
them
themes
themselves
then
thence
there
there's
thereby
therefore
therein
thereof
these
they
thief
thievish
thine
thing
things
think
thinking
thinks
thinly
third
this
thither
thorns
those
thou
though
thought
thoughts
thousand
thrall
thralled
three
three-fold
threescore
threw
thrice
thriftless
thrive
thrivers
throned
through
throw
thrust
thrusts
thunder
thus
thy
thyself
tickled
tie
tied
tiger's
till
tillage
time
time's
time-bettering
times
tincture
tir'd
tired
tires
title
titles
to
to-day
to-morrow
together
toil
toil'd
told
tomb
tombed
tombs
tongue
tongue's
tongue-tied
tongues
too
took
top
tops
torment
torn
torture
touch
touch'd
touches
toward
towards
towers
tract
traffic
transferr'd
transfix
transgression
translate
translated
transport
travail
travel
travel's
travell'd
travels
treads
treason
treasure
trees
trenches
trespass
tresses
trial
tribes
trifle
trifles
trim
trimm'd
tripping
triumph
triumphant
trophies
trouble
truant
true
true-telling
truest
truly
trust
truth
truth's
truths
try
tune
turn
turn'd
turns
twain
twenty
twice
twilight
twire
two
twofold
tyrannous
tyranny
tyrant
tyrants
tyrants'
ugly
unbless
unbred
uncertain
under
undivided
unear'd
unfair
unfather'd
unfolding
unhappily
unions
universe
unjust
unkind
unkindness
unknown
unlearned
unless
unlettered
unlook'd
unmoved
unperfect
unprovident
unrespected
unrest
unseeing
unseen
unset
unstained
unsway'd
unswept
untainted
unthrift
unthrifts
unthrifty
until
unto
untold
untrimm'd
untrue
untutor'd
unused
unwoo'd
unworthiness
up
up-locked
uphold
upon
uprear
urge
us
us'd
use
used
user
usest
ushers
usurer
usury
utmost
uttering
vacant
vade
vainly
valley-fountain
vanish'd
vanished
vanishing
vantage
variation
varying
vassal
vassalage
vaunt
veil
veins
vengeful
verdict
vermilion
verse
verses
very
vex
vex'd
vexed
vial
vice
vices
victor
victories
victors
view
viewest
vile
vilest
violet
virgin
virtue
virtuous
visage
vision
voice
voices
votary
vouchsafe
vow
vow'd
vowing
vows
vulgar
wail
wailing
wait
waiting
wake
waken'd
waking
walk
walks
walls
wander'st
wandering
wane
waning
want
wanting
wanton
wantonly
wantonness
war
war's
ward
wardrobe
wards
warm
warm'd
warning
warrantise
warrior
wary
was
waste
wasted
wasteful
wastes
watch
watching
watchman
water
watery
waves
way
we
weak
weakens
weakness
wealth
wear
weary
weed
weeds
weeks
weep
weigh
weighs
weight
welcome
welfare
well
well-contented
well-refined
well-seeing
well-tuned
went
were
were't
wert
west
wet
wh'r
what
what's
whate'er
whatsoever
when
whence
where
where-through
wherefore
wherein
whereof
whereon
whereto
whereupon
wherever
wherewith
whether
which
while
whilst
whit
white
who
who's
whoe'er
whoever
whole
whom
whose
why
wide
widow
widow'd
widow's
wife
wights
wild
wilful
wilful-slow
wilfully
wilfulness
will
willing
willingly
wills
wilt
win
wind
windows
winds
windy
wing
winged
wink
winter
winter's
winters
wires
wiry
wisdom
wise
wish
wished
wishing
wit
with
withal
withering
within
without
witness
wits
woe
woeful
woes
wolf
woman
woman's
womb
wombs
women's
won
wonder
wondering
wondrous
wont
woo
woo'd
wood
wood's
wooing
woos
word
words
work
work's
workings
works
world
world's
world-without-end
worms
worse
worser
worship
worst
worth
worth's
worthier
worthiness
worthless
worths
worthy
would
wouldst
wound
wounded
wrack
wrack'd
wrackful
wretch
wretch's
wretchcd
wretched
wrinkle
wrinkles
writ
write
writers
writes
written
wrong
wrongfully
wrongs
wrought
ye
yea
year
years
yellow
yellow'd
yet
yield
yore
you
you'
you've
young
youngly
your
yours
yourself
yourself's
youth
youth's
youthful
zealous
eyes--
flesh--in
folly--doctor-like--controlling
ii
iii
iv
ix
l
li
lii
liii
liv
lix
love'
lv
lvi
lvii
lviii
lx
lxi
lxii
lxiii
lxiv
lxix
lxv
lxvi
lxvii
lxviii
lxx
lxxi
lxxii
lxxiii
lxxiv
lxxix
lxxv
lxxvi
lxxvii
lxxviii
lxxx
lxxxi
lxxxii
lxxxiii
lxxxiv
lxxxix
lxxxv
lxxxvi
lxxxvii
lxxxviii
n
neigh--no
niggarding
privilage
ruminate--
souls--give
th
then--churls--their
they--hast
thou--all
thoughts--from
tongues--the
v
vi
vii
viii
worth--wide
x
xc
xci
xcii
xciii
xciv
xcix
xcv
xcvi
xcvii
xcviii
xi
xii
xiii
xiv
xix
xl
xli
xlii
xliii
xliv
xlix
xlv
xlvi
xlvii
xlviii
xv
xvi
xvii
xviii
xx
xxi
xxii
xxiii
xxiv
xxix
xxv
xxvi
xxvii
xxviii
xxx
xxxi
xxxii
xxxiii
xxxiv
xxxix
xxxv
xxxvi
xxxvii
xxxviii
